c:\users\lenovo\downloads\rsa\rsa\debug\vc141.pdb
c:\users\lenovo\downloads\rsa\rsa\debug\.netframework,version=v4.6.1.assemblyattributes.obj
c:\users\lenovo\downloads\rsa\rsa\debug\.netframework,version=v4.6.1.assemblyattributes.asm
c:\users\lenovo\downloads\rsa\rsa\debug\myform.obj
c:\users\lenovo\downloads\rsa\debug\rsa.exe
c:\users\lenovo\downloads\rsa\debug\rsa.pdb
c:\users\lenovo\downloads\rsa\rsa\debug\rsa.myform.resources
c:\users\lenovo\downloads\rsa\rsa\debug\rsa.vcxproj.generateresource.cache
c:\users\lenovo\downloads\rsa\rsa\debug\rsa.vcxprojassemblyreference.cache
c:\users\lenovo\downloads\rsa\rsa\debug\rsa.obj
c:\users\lenovo\downloads\rsa\rsa\debug\rsa2.obj
c:\users\lenovo\downloads\rsa\rsa\debug\vc142.pdb
c:\users\lenovo\downloads\rsa\rsa\debug\rsa.tlog\cl.command.1.tlog
c:\users\lenovo\downloads\rsa\rsa\debug\rsa.tlog\cl.read.1.tlog
c:\users\lenovo\downloads\rsa\rsa\debug\rsa.tlog\cl.write.1.tlog
c:\users\lenovo\downloads\rsa\rsa\debug\rsa.tlog\link.4752.delete.1.tlog
c:\users\lenovo\downloads\rsa\rsa\debug\rsa.tlog\link.8176.delete.1.tlog
c:\users\lenovo\downloads\rsa\rsa\debug\rsa.tlog\link.8240.delete.1.tlog
c:\users\lenovo\downloads\rsa\rsa\debug\rsa.tlog\link.8492.delete.1.tlog
c:\users\lenovo\downloads\rsa\rsa\debug\rsa.tlog\link.command.1.tlog
c:\users\lenovo\downloads\rsa\rsa\debug\rsa.tlog\link.read.1.tlog
c:\users\lenovo\downloads\rsa\rsa\debug\rsa.tlog\link.write.1.tlog
c:\users\lenovo\downloads\rsa\rsa\debug\rsa.tlog\metagen.read.1.tlog
c:\users\lenovo\downloads\rsa\rsa\debug\rsa.tlog\metagen.write.1.tlog
c:\users\lenovo\downloads\rsa\rsa\debug\rsa.tlog\rsa.write.1u.tlog
